\BOOKMARK [1][-]{section*.1}{Abstract}{}% 1
\BOOKMARK [1][-]{section*.2}{Importance}{}% 2
\BOOKMARK [1][-]{section*.3}{Introduction}{}% 3
\BOOKMARK [1][-]{section*.4}{Results}{}% 4
\BOOKMARK [2][-]{section*.5}{Sample\040Collection\040and\040Processing}{section*.4}% 5
\BOOKMARK [2][-]{section*.6}{Unaltered\040Diversity\040in\040Colorectal\040Cancer}{section*.4}% 6
\BOOKMARK [2][-]{section*.7}{Virome\040Composition\040in\040Colorectal\040Cancer}{section*.4}% 7
\BOOKMARK [2][-]{section*.8}{Phage\040Influence\040Between\040CRC\040Stages}{section*.4}% 8
\BOOKMARK [2][-]{section*.9}{Phage\040Dominance\040in\040CRC\040Virome}{section*.4}% 9
\BOOKMARK [2][-]{section*.10}{Community\040Context\040of\040Influential\040Phages}{section*.4}% 10
\BOOKMARK [1][-]{section*.11}{Discussion}{}% 11
\BOOKMARK [1][-]{section*.12}{Materials\040and\040Methods}{}% 12
\BOOKMARK [2][-]{section*.13}{Analysis\040Source\040Code\040&\040Data\040Availability}{section*.12}% 13
\BOOKMARK [2][-]{section*.14}{Study\040Design\040and\040Patient\040Sampling}{section*.12}% 14
\BOOKMARK [2][-]{section*.15}{16S\040rRNA\040Gene\040Sequence\040Data\040Acquisition\040&\040Processing}{section*.12}% 15
\BOOKMARK [2][-]{section*.16}{Whole\040Metagenomic\040Library\040Preparation\040&\040Sequencing}{section*.12}% 16
\BOOKMARK [2][-]{section*.17}{Virus\040Metagenomic\040Library\040Preparation\040&\040Sequencing}{section*.12}% 17
\BOOKMARK [2][-]{section*.18}{Metagenome\040Quality\040Control}{section*.12}% 18
\BOOKMARK [2][-]{section*.19}{Contig\040Assembly\040&\040Abundance}{section*.12}% 19
\BOOKMARK [2][-]{section*.20}{Operational\040Genomic\040Unit\040Classification}{section*.12}% 20
\BOOKMARK [2][-]{section*.21}{Diversity}{section*.12}% 21
\BOOKMARK [2][-]{section*.22}{Classification\040Modeling}{section*.12}% 22
\BOOKMARK [2][-]{section*.23}{Taxonomic\040Identification\040of\040Operational\040Genomic\040Units}{section*.12}% 23
\BOOKMARK [2][-]{section*.24}{Ecological\040Network\040Analysis\040&\040Correlations}{section*.12}% 24
\BOOKMARK [2][-]{section*.25}{Phage\040Replication\040Style\040Identification}{section*.12}% 25
\BOOKMARK [1][-]{section*.26}{Funding\040Information}{}% 26
\BOOKMARK [1][-]{section*.27}{Acknowledgments}{}% 27
\BOOKMARK [1][-]{section*.28}{Figure\040Legends}{}% 28
\BOOKMARK [1][-]{section*.29}{Supplemental\040Figure\040Legends}{}% 29
\BOOKMARK [1][-]{section*.30}{References}{}% 30
